{"/Users/Zen/holbertonschool-react/0x03-react_props/task_1/dashboard/src/App/App.js": {"path":"/Users/Zen/holbertonschool-react/0x03-react_props/task_1/dashboard/src/App/App.js","statementMap":{"0":{"start":{"line":10,"column":2},"end":{"line":28,"column":4}}},"fnMap":{"0":{"name":"App","decl":{"start":{"line":9,"column":9},"end":{"line":9,"column":12}},"loc":{"start":{"line":9,"column":15},"end":{"line":29,"column":1}},"line":9}},"branchMap":{},"s":{"0":1},"f":{"0":1},"b":{},"_coverageSchema":"1a1c01bbd47fc00a2c39e90264f33305004495a9","hash":"0da5aae74c173a6ad1dc0c4f324748d2a9e034d6"}
,"/Users/Zen/holbertonschool-react/0x03-react_props/task_1/dashboard/src/Footer/Footer.js": {"path":"/Users/Zen/holbertonschool-react/0x03-react_props/task_1/dashboard/src/Footer/Footer.js","statementMap":{"0":{"start":{"line":5,"column":15},"end":{"line":11,"column":1}},"1":{"start":{"line":6,"column":4},"end":{"line":10,"column":6}}},"fnMap":{"0":{"name":"(anonymous_0)","decl":{"start":{"line":5,"column":15},"end":{"line":5,"column":16}},"loc":{"start":{"line":5,"column":21},"end":{"line":11,"column":1}},"line":5}},"branchMap":{},"s":{"0":1,"1":0},"f":{"0":0},"b":{},"_coverageSchema":"1a1c01bbd47fc00a2c39e90264f33305004495a9","hash":"f815131bae1130d91c21f1a405728be8591e0906"}
,"/Users/Zen/holbertonschool-react/0x03-react_props/task_1/dashboard/src/Header/Header.js": {"path":"/Users/Zen/holbertonschool-react/0x03-react_props/task_1/dashboard/src/Header/Header.js","statementMap":{"0":{"start":{"line":5,"column":15},"end":{"line":12,"column":1}},"1":{"start":{"line":6,"column":4},"end":{"line":11,"column":6}}},"fnMap":{"0":{"name":"(anonymous_0)","decl":{"start":{"line":5,"column":15},"end":{"line":5,"column":16}},"loc":{"start":{"line":5,"column":21},"end":{"line":12,"column":1}},"line":5}},"branchMap":{},"s":{"0":1,"1":0},"f":{"0":0},"b":{},"_coverageSchema":"1a1c01bbd47fc00a2c39e90264f33305004495a9","hash":"26f31bb4582776f5fae93c4ea89a5a9f5ad9c109"}
,"/Users/Zen/holbertonschool-react/0x03-react_props/task_1/dashboard/src/Login/Login.js": {"path":"/Users/Zen/holbertonschool-react/0x03-react_props/task_1/dashboard/src/Login/Login.js","statementMap":{"0":{"start":{"line":4,"column":14},"end":{"line":17,"column":3}},"1":{"start":{"line":5,"column":4},"end":{"line":16,"column":6}}},"fnMap":{"0":{"name":"(anonymous_0)","decl":{"start":{"line":4,"column":14},"end":{"line":4,"column":15}},"loc":{"start":{"line":4,"column":20},"end":{"line":17,"column":3}},"line":4}},"branchMap":{},"s":{"0":1,"1":0},"f":{"0":0},"b":{},"_coverageSchema":"1a1c01bbd47fc00a2c39e90264f33305004495a9","hash":"046ae0ea5a9d51f1ef9928917a412a597ab3d3f3"}
,"/Users/Zen/holbertonschool-react/0x03-react_props/task_1/dashboard/src/Notifications/Notifications.js": {"path":"/Users/Zen/holbertonschool-react/0x03-react_props/task_1/dashboard/src/Notifications/Notifications.js","statementMap":{"0":{"start":{"line":6,"column":28},"end":{"line":31,"column":1}},"1":{"start":{"line":7,"column":2},"end":{"line":30,"column":4}},"2":{"start":{"line":21,"column":23},"end":{"line":21,"column":67}}},"fnMap":{"0":{"name":"(anonymous_0)","decl":{"start":{"line":6,"column":28},"end":{"line":6,"column":29}},"loc":{"start":{"line":6,"column":34},"end":{"line":31,"column":1}},"line":6},"1":{"name":"(anonymous_1)","decl":{"start":{"line":21,"column":17},"end":{"line":21,"column":18}},"loc":{"start":{"line":21,"column":23},"end":{"line":21,"column":67}},"line":21}},"branchMap":{},"s":{"0":2,"1":4,"2":0},"f":{"0":4,"1":0},"b":{},"_coverageSchema":"1a1c01bbd47fc00a2c39e90264f33305004495a9","hash":"7db5e2fe95df8f772003b8dd6c10e6251063b9ca"}
,"/Users/Zen/holbertonschool-react/0x03-react_props/task_1/dashboard/src/utils/utils.js": {"path":"/Users/Zen/holbertonschool-react/0x03-react_props/task_1/dashboard/src/utils/utils.js","statementMap":{"0":{"start":{"line":1,"column":27},"end":{"line":1,"column":57}},"1":{"start":{"line":1,"column":33},"end":{"line":1,"column":57}},"2":{"start":{"line":3,"column":29},"end":{"line":4,"column":66}},"3":{"start":{"line":4,"column":2},"end":{"line":4,"column":66}},"4":{"start":{"line":6,"column":37},"end":{"line":6,"column":98}},"5":{"start":{"line":6,"column":43},"end":{"line":6,"column":98}}},"fnMap":{"0":{"name":"(anonymous_0)","decl":{"start":{"line":1,"column":27},"end":{"line":1,"column":28}},"loc":{"start":{"line":1,"column":33},"end":{"line":1,"column":57}},"line":1},"1":{"name":"(anonymous_1)","decl":{"start":{"line":3,"column":29},"end":{"line":3,"column":30}},"loc":{"start":{"line":4,"column":2},"end":{"line":4,"column":66}},"line":4},"2":{"name":"(anonymous_2)","decl":{"start":{"line":6,"column":37},"end":{"line":6,"column":38}},"loc":{"start":{"line":6,"column":43},"end":{"line":6,"column":98}},"line":6}},"branchMap":{"0":{"loc":{"start":{"line":4,"column":2},"end":{"line":4,"column":66}},"type":"cond-expr","locations":[{"start":{"line":4,"column":12},"end":{"line":4,"column":30}},{"start":{"line":4,"column":33},"end":{"line":4,"column":66}}],"line":4}},"s":{"0":3,"1":1,"2":3,"3":2,"4":3,"5":5},"f":{"0":1,"1":2,"2":5},"b":{"0":[1,1]},"_coverageSchema":"1a1c01bbd47fc00a2c39e90264f33305004495a9","hash":"7a4303ede55094fae2d44dbd6c15234a350b8c91"}
}
